<?xml version="1.0" encoding="UTF-8"?>
<!-- Generated by org.testng.reporters.JUnitXMLReporter -->
<testsuite hostname="DESKTOP-46AVGED" ignored="0" name="Regression" tests="7" failures="1" timestamp="2020-12-14T14:28:05 IST" time="477.107" errors="0">
  <testcase name="SonnectHomePageTest" time="16.763" classname="sonect.sonect.OnBoardingCHTest"/>
  <testcase name="SonnectCountryPickerScreenTest" time="36.723" classname="sonect.sonect.OnBoardingCHTest"/>
  <testcase name="SonnectPhoneNumberScreenTest" time="63.244" classname="sonect.sonect.OnBoardingCHTest"/>
  <testcase name="SonnectTanActivationScreenTest" time="57.834" classname="sonect.sonect.OnBoardingCHTest"/>
  <testcase name="SonnectPersonalInfoScreenTest" time="52.024" classname="sonect.sonect.OnBoardingCHTest"/>
  <testcase name="PasscodeScreenTest" time="62.173" classname="sonect.sonect.OnBoardingCHTest"/>
  <testcase name="NotificationScreenTest" time="57.29" classname="sonect.sonect.OnBoardingCHTest">
    <failure type="java.lang.AssertionError" message="Description not matched expected [We&amp;apos;ll send you helpful reminders about your Sonect account.] but found [Notifications]">
      <![CDATA[java.lang.AssertionError: Description not matched expected [We'll send you helpful reminders about your Sonect account.] but found [Notifications]
at sonect.sonect.OnBoardingCHTest.NotificationScreenTest(OnBoardingCHTest.java:585)
at java.util.ArrayList.forEach(Unknown Source)
... Removed 32 stack frames]]>
    </failure>
  </testcase> <!-- NotificationScreenTest -->
</testsuite> <!-- Regression -->
