<?xml version="1.0" encoding="UTF-8"?>
<!-- Generated by org.testng.reporters.JUnitReportReporter -->
<testsuite skipped="0" hostname="DESKTOP-46AVGED" name="sonect.sonect.OnBoardingCHTest" tests="7" failures="1" timestamp="2020-12-14T14:28:07 IST" time="476.919" errors="0">
  <testcase name="SonnectHomePageTest" time="32.248" classname="sonect.sonect.OnBoardingCHTest"/>
  <system-out/>
  <testcase name="SonnectCountryPickerScreenTest" time="72.610" classname="sonect.sonect.OnBoardingCHTest"/>
  <system-out/>
  <testcase name="SonnectPhoneNumberScreenTest" time="79.858" classname="sonect.sonect.OnBoardingCHTest"/>
  <system-out/>
  <testcase name="SonnectTanActivationScreenTest" time="73.579" classname="sonect.sonect.OnBoardingCHTest"/>
  <system-out/>
  <testcase name="SonnectPersonalInfoScreenTest" time="67.723" classname="sonect.sonect.OnBoardingCHTest"/>
  <system-out/>
  <testcase name="PasscodeScreenTest" time="77.708" classname="sonect.sonect.OnBoardingCHTest"/>
  <system-out/>
  <testcase name="NotificationScreenTest" time="73.193" classname="sonect.sonect.OnBoardingCHTest">
    <failure type="java.lang.AssertionError" message="Description not matched expected [We&#039;ll send you helpful reminders about your Sonect account.] but found [Notifications]">
      <![CDATA[java.lang.AssertionError: Description not matched expected [We'll send you helpful reminders about your Sonect account.] but found [Notifications]
at org.testng.Assert.fail(Assert.java:99)
at org.testng.Assert.failNotEquals(Assert.java:1037)
at org.testng.Assert.assertEqualsImpl(Assert.java:140)
at org.testng.Assert.assertEquals(Assert.java:122)
at org.testng.Assert.assertEquals(Assert.java:629)
at sonect.sonect.OnBoardingCHTest.NotificationScreenTest(OnBoardingCHTest.java:585)
at sun.reflect.NativeMethodAccessorImpl.invoke0(Native Method)
at sun.reflect.NativeMethodAccessorImpl.invoke(Unknown Source)
at sun.reflect.DelegatingMethodAccessorImpl.invoke(Unknown Source)
at java.lang.reflect.Method.invoke(Unknown Source)
at org.testng.internal.MethodInvocationHelper.invokeMethod(MethodInvocationHelper.java:132)
at org.testng.internal.TestInvoker.invokeMethod(TestInvoker.java:599)
at org.testng.internal.TestInvoker.invokeTestMethod(TestInvoker.java:174)
at org.testng.internal.MethodRunner.runInSequence(MethodRunner.java:46)
at org.testng.internal.TestInvoker$MethodInvocationAgent.invoke(TestInvoker.java:822)
at org.testng.internal.TestInvoker.invokeTestMethods(TestInvoker.java:147)
at org.testng.internal.TestMethodWorker.invokeTestMethods(TestMethodWorker.java:146)
at org.testng.internal.TestMethodWorker.run(TestMethodWorker.java:128)
at java.util.ArrayList.forEach(Unknown Source)
at org.testng.TestRunner.privateRun(TestRunner.java:764)
at org.testng.TestRunner.run(TestRunner.java:585)
at org.testng.SuiteRunner.runTest(SuiteRunner.java:384)
at org.testng.SuiteRunner.runSequentially(SuiteRunner.java:378)
at org.testng.SuiteRunner.privateRun(SuiteRunner.java:337)
at org.testng.SuiteRunner.run(SuiteRunner.java:286)
at org.testng.SuiteRunnerWorker.runSuite(SuiteRunnerWorker.java:53)
at org.testng.SuiteRunnerWorker.run(SuiteRunnerWorker.java:96)
at org.testng.TestNG.runSuitesSequentially(TestNG.java:1218)
at org.testng.TestNG.runSuitesLocally(TestNG.java:1140)
at org.testng.TestNG.runSuites(TestNG.java:1069)
at org.testng.TestNG.run(TestNG.java:1037)
at org.testng.remote.AbstractRemoteTestNG.run(AbstractRemoteTestNG.java:115)
at org.testng.remote.RemoteTestNG.initAndRun(RemoteTestNG.java:251)
at org.testng.remote.RemoteTestNG.main(RemoteTestNG.java:77)
]]>
    </failure>
  </testcase> <!-- NotificationScreenTest -->
  <system-out/>
</testsuite> <!-- sonect.sonect.OnBoardingCHTest -->
